Determining if the pthread_create exist failed with the following output:
Change Dir: /home/dewe/ros_ws/src/build/CMakeFiles/CMakeTmp

Run Build Command:"/usr/bin/make" "cmTC_edc1e/fast"
/usr/bin/make -f CMakeFiles/cmTC_edc1e.dir/build.make CMakeFiles/cmTC_edc1e.dir/build
make[1]: Entering directory '/home/dewe/ros_ws/src/build/CMakeFiles/CMakeTmp'
Building C object CMakeFiles/cmTC_edc1e.dir/CheckSymbolExists.c.o
/usr/bin/x86_64-linux-gnu-gcc-5     -o CMakeFiles/cmTC_edc1e.dir/CheckSymbolExists.c.o   -c /home/dewe/ros_ws/src/build/CMakeFiles/CMakeTmp/CheckSymbolExists.c
Linking C executable cmTC_edc1e
/usr/bin/cmake -E cmake_link_script CMakeFiles/cmTC_edc1e.dir/link.txt --verbose=1
/usr/bin/x86_64-linux-gnu-gcc-5       CMakeFiles/cmTC_edc1e.dir/CheckSymbolExists.c.o  -o cmTC_edc1e -rdynamic 
CMakeFiles/cmTC_edc1e.dir/CheckSymbolExists.c.o: In function `main':
CheckSymbolExists.c:(.text+0x16): undefined reference to `pthread_create'
collect2: error: ld returned 1 exit status
CMakeFiles/cmTC_edc1e.dir/build.make:97: recipe for target 'cmTC_edc1e' failed
make[1]: *** [cmTC_edc1e] Error 1
make[1]: Leaving directory '/home/dewe/ros_ws/src/build/CMakeFiles/CMakeTmp'
Makefile:126: recipe for target 'cmTC_edc1e/fast' failed
make: *** [cmTC_edc1e/fast] Error 2

File /home/dewe/ros_ws/src/build/CMakeFiles/CMakeTmp/CheckSymbolExists.c:
/* */
#include <pthread.h>

int main(int argc, char** argv)
{
  (void)argv;
#ifndef pthread_create
  return ((int*)(&pthread_create))[argc];
#else
  (void)argc;
  return 0;
#endif
}

Determining if the function pthread_create exists in the pthreads failed with the following output:
Change Dir: /home/dewe/ros_ws/src/build/CMakeFiles/CMakeTmp

Run Build Command:"/usr/bin/make" "cmTC_460ce/fast"
/usr/bin/make -f CMakeFiles/cmTC_460ce.dir/build.make CMakeFiles/cmTC_460ce.dir/build
make[1]: Entering directory '/home/dewe/ros_ws/src/build/CMakeFiles/CMakeTmp'
Building C object CMakeFiles/cmTC_460ce.dir/CheckFunctionExists.c.o
/usr/bin/x86_64-linux-gnu-gcc-5    -DCHECK_FUNCTION_EXISTS=pthread_create   -o CMakeFiles/cmTC_460ce.dir/CheckFunctionExists.c.o   -c /usr/share/cmake-3.5/Modules/CheckFunctionExists.c
Linking C executable cmTC_460ce
/usr/bin/cmake -E cmake_link_script CMakeFiles/cmTC_460ce.dir/link.txt --verbose=1
/usr/bin/x86_64-linux-gnu-gcc-5   -DCHECK_FUNCTION_EXISTS=pthread_create    CMakeFiles/cmTC_460ce.dir/CheckFunctionExists.c.o  -o cmTC_460ce -rdynamic -lpthreads 
/usr/bin/ld: cannot find -lpthreads
collect2: error: ld returned 1 exit status
CMakeFiles/cmTC_460ce.dir/build.make:97: recipe for target 'cmTC_460ce' failed
make[1]: *** [cmTC_460ce] Error 1
make[1]: Leaving directory '/home/dewe/ros_ws/src/build/CMakeFiles/CMakeTmp'
Makefile:126: recipe for target 'cmTC_460ce/fast' failed
make: *** [cmTC_460ce/fast] Error 2


